------------------------------------------------------------------------------------------------------------------------

[2025-08-08 13:27:02 #1 store] 
Database 'C:\Users\User\OneDrive\UP files\2nd semester NDP\COS326 Database Systems\Practicals\Practical 1\326Pactical 1\CarCrudJPQL\db\CarCrudPrac1.odb' is opened by 33216@DESKTOP-A7ROL3O

[2025-08-08 13:27:02 #2 store] 
Configuration path: ?

[2025-08-08 13:27:02 #3 type] 
Type Car is not enhanced.

[2025-08-08 13:27:02 #4 type] 
Type Trip is not enhanced.

------------------------------------------------------------------------------------------------------------------------

[2025-08-08 13:27:14 #1 store] 
Database 'C:\Users\User\OneDrive\UP files\2nd semester NDP\COS326 Database Systems\Practicals\Practical 1\326Pactical 1\CarCrudJPQL\db\CarCrudPrac1.odb' is opened by 4100@DESKTOP-A7ROL3O

[2025-08-08 13:27:14 #2 store] 
Configuration path: ?

[2025-08-08 13:27:14 #3 type] 
Type Car is not enhanced.

[2025-08-08 13:27:14 #4 type] 
Type Trip is not enhanced.

------------------------------------------------------------------------------------------------------------------------

[2025-08-08 16:47:24 #1 store] 
Database 'C:\Users\User\OneDrive\UP files\2nd semester NDP\COS326 Database Systems\Practicals\Practical 1\326Pactical 1\CarCrudJPQL\db\CarCrudPrac1.odb' is opened by 4368@DESKTOP-A7ROL3O

[2025-08-08 16:47:24 #2 store] 
Configuration path: ?

[2025-08-08 16:47:24 #3 type] 
Type Car is not enhanced.

[2025-08-08 16:47:24 #4 type] 
Type Trip is not enhanced.

------------------------------------------------------------------------------------------------------------------------

[2025-08-08 16:52:53 #1 store] 
Database 'C:\Users\User\OneDrive\UP files\2nd semester NDP\COS326 Database Systems\Practicals\Practical 1\326Pactical 1\CarCrudJPQL\db\CarCrudPrac1.odb' is opened by 7040@DESKTOP-A7ROL3O

[2025-08-08 16:52:53 #2 store] 
Configuration path: ?

[2025-08-08 16:52:53 #3 type] 
Type Car is not enhanced.

[2025-08-08 16:52:53 #4 type] 
Type Trip is not enhanced.

------------------------------------------------------------------------------------------------------------------------

[2025-08-08 16:55:57 #1 store] 
Database 'C:\Users\User\OneDrive\UP files\2nd semester NDP\COS326 Database Systems\Practicals\Practical 1\326Pactical 1\CarCrudJPQL\db\CarCrudPrac1.odb' is opened by 30648@DESKTOP-A7ROL3O

[2025-08-08 16:55:57 #2 store] 
Configuration path: ?

[2025-08-08 16:55:57 #3 type] 
Type Car is not enhanced.

[2025-08-08 16:55:57 #4 type] 
Type Trip is not enhanced.

------------------------------------------------------------------------------------------------------------------------

[2025-08-08 16:59:05 #1 store] 
Database 'C:\Users\User\OneDrive\UP files\2nd semester NDP\COS326 Database Systems\Practicals\Practical 1\326Pactical 1\CarCrudJPQL\db\CarCrudPrac1.odb' is opened by 22728@DESKTOP-A7ROL3O

[2025-08-08 16:59:05 #2 store] 
Configuration path: ?

[2025-08-08 16:59:05 #3 type] 
Type Car is not enhanced.

[2025-08-08 16:59:05 #4 type] 
Type Trip is not enhanced.

------------------------------------------------------------------------------------------------------------------------

[2025-08-08 17:00:15 #1 store] 
Database 'C:\Users\User\OneDrive\UP files\2nd semester NDP\COS326 Database Systems\Practicals\Practical 1\326Pactical 1\CarCrudJPQL\db\CarCrudPrac1.odb' is opened by 31328@DESKTOP-A7ROL3O

[2025-08-08 17:00:15 #2 store] 
Configuration path: ?

[2025-08-08 17:00:15 #3 type] 
Type Car is not enhanced.

[2025-08-08 17:00:15 #4 type] 
Type Trip is not enhanced.

------------------------------------------------------------------------------------------------------------------------

[2025-08-08 17:01:58 #1 store] 
Database 'C:\Users\User\OneDrive\UP files\2nd semester NDP\COS326 Database Systems\Practicals\Practical 1\326Pactical 1\CarCrudJPQL\db\CarCrudPrac1.odb' is opened by 19648@DESKTOP-A7ROL3O

[2025-08-08 17:01:58 #2 store] 
Configuration path: ?

[2025-08-08 17:01:58 #3 type] 
Type Car is not enhanced.

[2025-08-08 17:01:58 #4 type] 
Type Trip is not enhanced.

------------------------------------------------------------------------------------------------------------------------

[2025-08-08 17:09:57 #1 store] 
Database 'C:\Users\User\OneDrive\UP files\2nd semester NDP\COS326 Database Systems\Practicals\Practical 1\326Pactical 1\CarCrudJPQL\db\CarCrudPrac1.odb' is opened by 9952@DESKTOP-A7ROL3O

[2025-08-08 17:09:57 #2 store] 
Configuration path: ?

[2025-08-08 17:09:58 #3 type] 
Type Car is not enhanced.

[2025-08-08 17:09:58 #4 type] 
Type Trip is not enhanced.

------------------------------------------------------------------------------------------------------------------------

[2025-08-08 17:11:48 #1 store] 
Database 'C:\Users\User\OneDrive\UP files\2nd semester NDP\COS326 Database Systems\Practicals\Practical 1\326Pactical 1\CarCrudJPQL\db\CarCrudPrac1.odb' is opened by 26028@DESKTOP-A7ROL3O

[2025-08-08 17:11:48 #2 store] 
Configuration path: ?

[2025-08-08 17:11:48 #3 type] 
Type Car is not enhanced.

[2025-08-08 17:11:48 #4 type] 
Type Trip is not enhanced.

------------------------------------------------------------------------------------------------------------------------

[2025-08-08 17:15:07 #1 store] 
Database 'C:\Users\User\OneDrive\UP files\2nd semester NDP\COS326 Database Systems\Practicals\Practical 1\326Pactical 1\CarCrudJPQL\db\CarCrudPrac1.odb' has been recovered (tr. 26-26)

[2025-08-08 17:15:07 #2 store] 
Database 'C:\Users\User\OneDrive\UP files\2nd semester NDP\COS326 Database Systems\Practicals\Practical 1\326Pactical 1\CarCrudJPQL\db\CarCrudPrac1.odb' is opened by 18788@DESKTOP-A7ROL3O

[2025-08-08 17:15:07 #3 store] 
Configuration path: ?

[2025-08-08 17:15:07 #4 type] 
Type Car is not enhanced.

[2025-08-08 17:15:07 #5 type] 
Type Trip is not enhanced.

------------------------------------------------------------------------------------------------------------------------

[2025-08-08 17:15:40 #1 store] 
Database 'C:\Users\User\OneDrive\UP files\2nd semester NDP\COS326 Database Systems\Practicals\Practical 1\326Pactical 1\CarCrudJPQL\db\CarCrudPrac1.odb' is opened by 27044@DESKTOP-A7ROL3O

[2025-08-08 17:15:40 #2 store] 
Configuration path: ?

[2025-08-08 17:15:40 #3 type] 
Type Car is not enhanced.

[2025-08-08 17:15:40 #4 type] 
Type Trip is not enhanced.

------------------------------------------------------------------------------------------------------------------------

[2025-08-08 17:20:06 #1 store] 
Database 'C:\Users\User\OneDrive\UP files\2nd semester NDP\COS326 Database Systems\Practicals\Practical 1\326Pactical 1\CarCrudJPQL\db\CarCrudPrac1.odb' has been recovered (tr. 27-27)

[2025-08-08 17:20:06 #2 store] 
Database 'C:\Users\User\OneDrive\UP files\2nd semester NDP\COS326 Database Systems\Practicals\Practical 1\326Pactical 1\CarCrudJPQL\db\CarCrudPrac1.odb' is opened by 33328@DESKTOP-A7ROL3O

[2025-08-08 17:20:06 #3 store] 
Configuration path: ?

[2025-08-08 17:20:06 #4 type] 
Type Car is not enhanced.

[2025-08-08 17:20:06 #5 type] 
Type Trip is not enhanced.

------------------------------------------------------------------------------------------------------------------------

[2025-08-08 17:21:12 #1 store] 
Database 'C:\Users\User\OneDrive\UP files\2nd semester NDP\COS326 Database Systems\Practicals\Practical 1\326Pactical 1\CarCrudJPQL\db\CarCrudPrac1.odb' is opened by 12568@DESKTOP-A7ROL3O

[2025-08-08 17:21:12 #2 store] 
Configuration path: ?

[2025-08-08 17:21:12 #3 type] 
Type Car is not enhanced.

[2025-08-08 17:21:12 #4 type] 
Type Trip is not enhanced.

