------------------------------------------------------------------------------------------------------------------------

[2025-08-07 17:16:01 #1 store] 
Database 'C:\Users\User\OneDrive\UP files\2nd semester NDP\COS326 Database Systems\Practicals\Practical 1\326Pactical 1\CarCrudJPQL\db\CarCrudPrac1.odb' has been recovered (tr. 15-17)

[2025-08-07 17:16:01 #2 store] 
Database 'C:\Users\User\OneDrive\UP files\2nd semester NDP\COS326 Database Systems\Practicals\Practical 1\326Pactical 1\CarCrudJPQL\db\CarCrudPrac1.odb' is opened by 16376@DESKTOP-A7ROL3O

[2025-08-07 17:16:01 #3 store] 
Configuration path: ?

[2025-08-07 17:16:01 #4 type] 
Type Car is not enhanced.

------------------------------------------------------------------------------------------------------------------------

[2025-08-07 17:22:11 #1 store] 
Database 'C:\Users\User\OneDrive\UP files\2nd semester NDP\COS326 Database Systems\Practicals\Practical 1\326Pactical 1\CarCrudJPQL\db\CarCrudPrac1.odb' is opened by 13800@DESKTOP-A7ROL3O

[2025-08-07 17:22:11 #2 store] 
Configuration path: ?

[2025-08-07 17:22:11 #3 type] 
Type Car is not enhanced.

------------------------------------------------------------------------------------------------------------------------

[2025-08-07 17:27:44 #1 store] 
Database 'C:\Users\User\OneDrive\UP files\2nd semester NDP\COS326 Database Systems\Practicals\Practical 1\326Pactical 1\CarCrudJPQL\db\CarCrudPrac1.odb' has been recovered (tr. 18-21)

[2025-08-07 17:27:44 #2 store] 
Database 'C:\Users\User\OneDrive\UP files\2nd semester NDP\COS326 Database Systems\Practicals\Practical 1\326Pactical 1\CarCrudJPQL\db\CarCrudPrac1.odb' is opened by 13372@DESKTOP-A7ROL3O

[2025-08-07 17:27:44 #3 store] 
Configuration path: ?

[2025-08-07 17:27:44 #4 type] 
Type Car is not enhanced.

------------------------------------------------------------------------------------------------------------------------

[2025-08-07 17:29:22 #1 store] 
Database 'C:\Users\User\OneDrive\UP files\2nd semester NDP\COS326 Database Systems\Practicals\Practical 1\326Pactical 1\CarCrudJPQL\db\CarCrudPrac1.odb' is opened by 12680@DESKTOP-A7ROL3O

[2025-08-07 17:29:22 #2 store] 
Configuration path: ?

[2025-08-07 17:29:22 #3 type] 
Type Car is not enhanced.

------------------------------------------------------------------------------------------------------------------------

[2025-08-07 18:04:39 #1 store] 
Database 'C:\Users\User\OneDrive\UP files\2nd semester NDP\COS326 Database Systems\Practicals\Practical 1\326Pactical 1\CarCrudJPQL\db\CarCrudPrac1.odb' is opened by 5420@DESKTOP-A7ROL3O

[2025-08-07 18:04:39 #2 store] 
Configuration path: ?

[2025-08-07 18:04:39 #3 type] 
Type Car is not enhanced.

------------------------------------------------------------------------------------------------------------------------

[2025-08-07 18:51:27 #1 store] 
Database 'C:\Users\User\OneDrive\UP files\2nd semester NDP\COS326 Database Systems\Practicals\Practical 1\326Pactical 1\CarCrudJPQL\db\CarCrudPrac1.odb' is opened by 33604@DESKTOP-A7ROL3O

[2025-08-07 18:51:27 #2 store] 
Configuration path: ?

[2025-08-07 18:51:27 #3 type] 
Type Car is not enhanced.

[2025-08-07 18:51:27 #4 type] 
Type Trip is not enhanced.

------------------------------------------------------------------------------------------------------------------------

[2025-08-07 18:51:54 #1 store] 
Database 'C:\Users\User\OneDrive\UP files\2nd semester NDP\COS326 Database Systems\Practicals\Practical 1\326Pactical 1\CarCrudJPQL\db\CarCrudPrac1.odb' has been recovered (tr. 22-25)

[2025-08-07 18:51:54 #2 store] 
Database 'C:\Users\User\OneDrive\UP files\2nd semester NDP\COS326 Database Systems\Practicals\Practical 1\326Pactical 1\CarCrudJPQL\db\CarCrudPrac1.odb' is opened by 25636@DESKTOP-A7ROL3O

[2025-08-07 18:51:54 #3 store] 
Configuration path: ?

[2025-08-07 18:51:54 #4 type] 
Type Car is not enhanced.

[2025-08-07 18:51:54 #5 type] 
Type Trip is not enhanced.

------------------------------------------------------------------------------------------------------------------------

[2025-08-07 18:57:18 #1 store] 
Database 'C:\Users\User\OneDrive\UP files\2nd semester NDP\COS326 Database Systems\Practicals\Practical 1\326Pactical 1\CarCrudJPQL\db\CarCrudPrac1.odb' is opened by 5568@DESKTOP-A7ROL3O

[2025-08-07 18:57:18 #2 store] 
Configuration path: ?

[2025-08-07 18:57:18 #3 type] 
Type Car is not enhanced.

[2025-08-07 18:57:18 #4 type] 
Type Trip is not enhanced.

------------------------------------------------------------------------------------------------------------------------

[2025-08-07 18:57:37 #1 store] 
Database 'C:\Users\User\OneDrive\UP files\2nd semester NDP\COS326 Database Systems\Practicals\Practical 1\326Pactical 1\CarCrudJPQL\db\CarCrudPrac1.odb' is opened by 18620@DESKTOP-A7ROL3O

[2025-08-07 18:57:37 #2 store] 
Configuration path: ?

[2025-08-07 18:57:37 #3 type] 
Type Car is not enhanced.

[2025-08-07 18:57:37 #4 type] 
Type Trip is not enhanced.

------------------------------------------------------------------------------------------------------------------------

[2025-08-07 18:58:07 #1 store] 
Database 'C:\Users\User\OneDrive\UP files\2nd semester NDP\COS326 Database Systems\Practicals\Practical 1\326Pactical 1\CarCrudJPQL\db\CarCrudPrac1.odb' is opened by 16476@DESKTOP-A7ROL3O

[2025-08-07 18:58:07 #2 store] 
Configuration path: ?

[2025-08-07 18:58:08 #3 type] 
Type Car is not enhanced.

[2025-08-07 18:58:08 #4 type] 
Type Trip is not enhanced.

------------------------------------------------------------------------------------------------------------------------

[2025-08-07 19:07:29 #1 store] 
Database 'C:\Users\User\OneDrive\UP files\2nd semester NDP\COS326 Database Systems\Practicals\Practical 1\326Pactical 1\CarCrudJPQL\db\CarCrudPrac1.odb' is opened by 33332@DESKTOP-A7ROL3O

[2025-08-07 19:07:29 #2 store] 
Configuration path: ?

[2025-08-07 19:07:29 #3 type] 
Type Car is not enhanced.

[2025-08-07 19:07:29 #4 type] 
Type Trip is not enhanced.

------------------------------------------------------------------------------------------------------------------------

[2025-08-07 19:08:42 #1 store] 
Database 'C:\Users\User\OneDrive\UP files\2nd semester NDP\COS326 Database Systems\Practicals\Practical 1\326Pactical 1\CarCrudJPQL\db\CarCrudPrac1.odb' is opened by 14412@DESKTOP-A7ROL3O

[2025-08-07 19:08:42 #2 store] 
Configuration path: ?

[2025-08-07 19:08:42 #3 type] 
Type Car is not enhanced.

[2025-08-07 19:08:42 #4 type] 
Type Trip is not enhanced.

------------------------------------------------------------------------------------------------------------------------

[2025-08-07 19:15:19 #1 store] 
Database 'C:\Users\User\OneDrive\UP files\2nd semester NDP\COS326 Database Systems\Practicals\Practical 1\326Pactical 1\CarCrudJPQL\db\CarCrudPrac1.odb' is opened by 7680@DESKTOP-A7ROL3O

[2025-08-07 19:15:19 #2 store] 
Configuration path: ?

[2025-08-07 19:15:19 #3 type] 
Type Car is not enhanced.

[2025-08-07 19:15:19 #4 type] 
Type Trip is not enhanced.

------------------------------------------------------------------------------------------------------------------------

[2025-08-07 19:16:22 #1 store] 
Database 'C:\Users\User\OneDrive\UP files\2nd semester NDP\COS326 Database Systems\Practicals\Practical 1\326Pactical 1\CarCrudJPQL\db\CarCrudPrac1.odb' is opened by 30932@DESKTOP-A7ROL3O

[2025-08-07 19:16:22 #2 store] 
Configuration path: ?

[2025-08-07 19:16:23 #3 type] 
Type Car is not enhanced.

[2025-08-07 19:16:23 #4 type] 
Type Trip is not enhanced.

------------------------------------------------------------------------------------------------------------------------

[2025-08-07 19:17:16 #1 store] 
Database 'C:\Users\User\OneDrive\UP files\2nd semester NDP\COS326 Database Systems\Practicals\Practical 1\326Pactical 1\CarCrudJPQL\db\CarCrudPrac1.odb' is opened by 28136@DESKTOP-A7ROL3O

[2025-08-07 19:17:16 #2 store] 
Configuration path: ?

[2025-08-07 19:17:16 #3 type] 
Type Car is not enhanced.

[2025-08-07 19:17:16 #4 type] 
Type Trip is not enhanced.

------------------------------------------------------------------------------------------------------------------------

[2025-08-07 19:17:33 #1 store] 
Database 'C:\Users\User\OneDrive\UP files\2nd semester NDP\COS326 Database Systems\Practicals\Practical 1\326Pactical 1\CarCrudJPQL\db\CarCrudPrac1.odb' is opened by 3056@DESKTOP-A7ROL3O

[2025-08-07 19:17:33 #2 store] 
Configuration path: ?

[2025-08-07 19:17:33 #3 type] 
Type Car is not enhanced.

[2025-08-07 19:17:33 #4 type] 
Type Trip is not enhanced.

