------------------------------------------------------------------------------------------------------------------------

[2025-08-09 12:30:32 #1 store] 
Database 'C:\Users\User\OneDrive\UP files\2nd semester NDP\COS326 Database Systems\Practicals\Practical 1\326Pactical 1\CarCrudJPQL\db\CarCrudPrac1.odb' is opened by 12892@DESKTOP-A7ROL3O

[2025-08-09 12:30:32 #2 store] 
Configuration path: ?

[2025-08-09 12:30:32 #3 type] 
Type Car is not enhanced.

[2025-08-09 12:30:32 #4 type] 
Type Trip is not enhanced.

------------------------------------------------------------------------------------------------------------------------

[2025-08-09 12:32:32 #1 store] 
Database 'C:\Users\User\OneDrive\UP files\2nd semester NDP\COS326 Database Systems\Practicals\Practical 1\326Pactical 1\CarCrudJPQL\db\CarCrudPrac1.odb' has been recovered (tr. 29-29)

[2025-08-09 12:32:32 #2 store] 
Database 'C:\Users\User\OneDrive\UP files\2nd semester NDP\COS326 Database Systems\Practicals\Practical 1\326Pactical 1\CarCrudJPQL\db\CarCrudPrac1.odb' is opened by 8796@DESKTOP-A7ROL3O

[2025-08-09 12:32:32 #3 store] 
Configuration path: ?

[2025-08-09 12:32:32 #4 type] 
Type Car is not enhanced.

[2025-08-09 12:32:32 #5 type] 
Type Trip is not enhanced.

------------------------------------------------------------------------------------------------------------------------

[2025-08-09 12:37:20 #1 store] 
Database 'C:\Users\User\OneDrive\UP files\2nd semester NDP\COS326 Database Systems\Practicals\Practical 1\326Pactical 1\CarCrudJPQL\db\CarCrudPrac1.odb' is opened by 26812@DESKTOP-A7ROL3O

[2025-08-09 12:37:20 #2 store] 
Configuration path: ?

[2025-08-09 12:37:20 #3 type] 
Type Car is not enhanced.

[2025-08-09 12:37:20 #4 type] 
Type Trip is not enhanced.

------------------------------------------------------------------------------------------------------------------------

[2025-08-09 12:38:32 #1 store] 
Database 'C:\Users\User\OneDrive\UP files\2nd semester NDP\COS326 Database Systems\Practicals\Practical 1\326Pactical 1\CarCrudJPQL\db\CarCrudPrac1.odb' is opened by 2116@DESKTOP-A7ROL3O

[2025-08-09 12:38:32 #2 store] 
Configuration path: ?

[2025-08-09 12:38:32 #3 type] 
Type Car is not enhanced.

[2025-08-09 12:38:32 #4 type] 
Type Trip is not enhanced.

------------------------------------------------------------------------------------------------------------------------

[2025-08-09 12:42:08 #1 store] 
Database 'C:\Users\User\OneDrive\UP files\2nd semester NDP\COS326 Database Systems\Practicals\Practical 1\326Pactical 1\CarCrudJPQL\db\CarCrudPrac1.odb' has been recovered (tr. 30-30)

[2025-08-09 12:42:08 #2 store] 
Database 'C:\Users\User\OneDrive\UP files\2nd semester NDP\COS326 Database Systems\Practicals\Practical 1\326Pactical 1\CarCrudJPQL\db\CarCrudPrac1.odb' is opened by 33940@DESKTOP-A7ROL3O

[2025-08-09 12:42:08 #3 store] 
Configuration path: ?

[2025-08-09 12:42:08 #4 type] 
Type Car is not enhanced.

[2025-08-09 12:42:08 #5 type] 
Type Trip is not enhanced.

------------------------------------------------------------------------------------------------------------------------

[2025-08-09 12:43:07 #1 store] 
Database 'C:\Users\User\OneDrive\UP files\2nd semester NDP\COS326 Database Systems\Practicals\Practical 1\326Pactical 1\CarCrudJPQL\db\CarCrudPrac1.odb' is opened by 27540@DESKTOP-A7ROL3O

[2025-08-09 12:43:07 #2 store] 
Configuration path: ?

[2025-08-09 12:43:07 #3 type] 
Type Car is not enhanced.

[2025-08-09 12:43:07 #4 type] 
Type Trip is not enhanced.

------------------------------------------------------------------------------------------------------------------------

[2025-08-09 12:52:04 #1 store] 
Database 'C:\Users\User\OneDrive\UP files\2nd semester NDP\COS326 Database Systems\Practicals\Practical 1\326Pactical 1\CarCrudJPQL\db\CarCrudPrac1.odb' has been recovered (tr. 31-32)

[2025-08-09 12:52:04 #2 store] 
Database 'C:\Users\User\OneDrive\UP files\2nd semester NDP\COS326 Database Systems\Practicals\Practical 1\326Pactical 1\CarCrudJPQL\db\CarCrudPrac1.odb' is opened by 29328@DESKTOP-A7ROL3O

[2025-08-09 12:52:04 #3 store] 
Configuration path: ?

[2025-08-09 12:52:04 #4 type] 
Type Car is not enhanced.

[2025-08-09 12:52:04 #5 type] 
Type Trip is not enhanced.

------------------------------------------------------------------------------------------------------------------------

[2025-08-09 12:52:58 #1 store] 
Database 'C:\Users\User\OneDrive\UP files\2nd semester NDP\COS326 Database Systems\Practicals\Practical 1\326Pactical 1\CarCrudJPQL\db\CarCrudPrac1.odb' is opened by 19592@DESKTOP-A7ROL3O

[2025-08-09 12:52:58 #2 store] 
Configuration path: ?

[2025-08-09 12:52:58 #3 type] 
Type Car is not enhanced.

[2025-08-09 12:52:58 #4 type] 
Type Trip is not enhanced.

------------------------------------------------------------------------------------------------------------------------

[2025-08-09 12:55:03 #1 store] 
Database 'C:\Users\User\OneDrive\UP files\2nd semester NDP\COS326 Database Systems\Practicals\Practical 1\326Pactical 1\CarCrudJPQL\db\CarCrudPrac1.odb' has been recovered (tr. 33-34)

[2025-08-09 12:55:03 #2 store] 
Database 'C:\Users\User\OneDrive\UP files\2nd semester NDP\COS326 Database Systems\Practicals\Practical 1\326Pactical 1\CarCrudJPQL\db\CarCrudPrac1.odb' is opened by 28680@DESKTOP-A7ROL3O

[2025-08-09 12:55:03 #3 store] 
Configuration path: ?

[2025-08-09 12:55:03 #4 type] 
Type Car is not enhanced.

[2025-08-09 12:55:03 #5 type] 
Type Trip is not enhanced.

------------------------------------------------------------------------------------------------------------------------

[2025-08-09 12:58:20 #1 store] 
Database 'C:\Users\User\OneDrive\UP files\2nd semester NDP\COS326 Database Systems\Practicals\Practical 1\326Pactical 1\CarCrudJPQL\db\CarCrudPrac1.odb' is opened by 14588@DESKTOP-A7ROL3O

[2025-08-09 12:58:20 #2 store] 
Configuration path: ?

[2025-08-09 12:58:20 #3 type] 
Type Car is not enhanced.

[2025-08-09 12:58:20 #4 type] 
Type Trip is not enhanced.

------------------------------------------------------------------------------------------------------------------------

[2025-08-09 13:01:47 #1 store] 
Database 'C:\Users\User\OneDrive\UP files\2nd semester NDP\COS326 Database Systems\Practicals\Practical 1\326Pactical 1\CarCrudJPQL\db\CarCrudPrac1.odb' is opened by 34208@DESKTOP-A7ROL3O

[2025-08-09 13:01:47 #2 store] 
Configuration path: ?

[2025-08-09 13:01:47 #3 type] 
Type Car is not enhanced.

[2025-08-09 13:01:47 #4 type] 
Type Trip is not enhanced.

