------------------------------------------------------------------------------------------------------------------------

[2025-08-04 12:03:58 #1 store] 
Database 'C:\Users\User\Downloads\JavaProjetcs\CarCrudJPQL\db\cars.odb' is opened by 19428@DESKTOP-A7ROL3O

[2025-08-04 12:03:58 #2 store] 
Configuration path: ?

[2025-08-04 12:03:58 #3 type] 
Type Car is not enhanced.

------------------------------------------------------------------------------------------------------------------------

[2025-08-04 12:19:01 #1 store] 
Database 'C:\Users\User\Downloads\JavaProjetcs\CarCrudJPQL\db\CarCrudPrac1.odb' is opened by 15872@DESKTOP-A7ROL3O

[2025-08-04 12:19:01 #2 store] 
Configuration path: ?

------------------------------------------------------------------------------------------------------------------------

[2025-08-04 12:22:08 #1 store] 
Database 'C:\Users\User\Downloads\JavaProjetcs\CarCrudJPQL\db\CarCrudPrac1.odb' has been recovered (tr. 1-2)

[2025-08-04 12:22:08 #2 store] 
Database 'C:\Users\User\Downloads\JavaProjetcs\CarCrudJPQL\db\CarCrudPrac1.odb' is opened by 11940@DESKTOP-A7ROL3O

[2025-08-04 12:22:08 #3 store] 
Configuration path: ?

------------------------------------------------------------------------------------------------------------------------

[2025-08-04 12:24:45 #1 store] 
Database 'C:\Users\User\Downloads\JavaProjetcs\CarCrudJPQL\db\CarCrudPrac1.odb' is opened by 13080@DESKTOP-A7ROL3O

[2025-08-04 12:24:45 #2 store] 
Configuration path: ?

------------------------------------------------------------------------------------------------------------------------

[2025-08-04 12:30:11 #1 store] 
Database 'C:\Users\User\Downloads\JavaProjetcs\CarCrudJPQL\db\CarCrudPrac1.odb' is opened by 28612@DESKTOP-A7ROL3O

[2025-08-04 12:30:11 #2 store] 
Configuration path: ?

------------------------------------------------------------------------------------------------------------------------

[2025-08-04 12:42:32 #1 store] 
Database 'C:\Users\User\Downloads\JavaProjetcs\CarCrudJPQL\db\CarCrudPrac1.odb' is opened by 23892@DESKTOP-A7ROL3O

[2025-08-04 12:42:32 #2 store] 
Configuration path: ?

------------------------------------------------------------------------------------------------------------------------

[2025-08-04 12:45:17 #1 store] 
Database 'C:\Users\User\Downloads\JavaProjetcs\CarCrudJPQL\db\CarCrudPrac1.odb' is opened by 11548@DESKTOP-A7ROL3O

[2025-08-04 12:45:17 #2 store] 
Configuration path: ?

------------------------------------------------------------------------------------------------------------------------

[2025-08-04 12:47:57 #1 store] 
Database 'C:\Users\User\Downloads\JavaProjetcs\CarCrudJPQL\db\CarCrudPrac1.odb' is opened by 16448@DESKTOP-A7ROL3O

[2025-08-04 12:47:57 #2 store] 
Configuration path: ?

------------------------------------------------------------------------------------------------------------------------

[2025-08-04 12:51:19 #1 store] 
Database 'C:\Users\User\Downloads\JavaProjetcs\CarCrudJPQL\db\CarCrudPrac1.odb' is opened by 32652@DESKTOP-A7ROL3O

[2025-08-04 12:51:19 #2 store] 
Configuration path: ?

------------------------------------------------------------------------------------------------------------------------

[2025-08-04 12:52:20 #1 store] 
Database 'C:\Users\User\Downloads\JavaProjetcs\CarCrudJPQL\db\CarCrudPrac1.odb' is opened by 21172@DESKTOP-A7ROL3O

[2025-08-04 12:52:20 #2 store] 
Configuration path: ?

------------------------------------------------------------------------------------------------------------------------

[2025-08-04 14:58:19 #1 store] 
Database 'C:\Users\User\Downloads\JavaProjetcs\CarCrudJPQL\db\CarCrudPrac1.odb' is opened by 1280@DESKTOP-A7ROL3O

[2025-08-04 14:58:19 #2 store] 
Configuration path: ?

------------------------------------------------------------------------------------------------------------------------

[2025-08-04 14:59:11 #1 store] 
Database 'C:\Users\User\Downloads\JavaProjetcs\CarCrudJPQL\db\CarCrudPrac1.odb' is opened by 8208@DESKTOP-A7ROL3O

[2025-08-04 14:59:11 #2 store] 
Configuration path: ?

------------------------------------------------------------------------------------------------------------------------

[2025-08-04 15:06:12 #1 store] 
Database 'C:\Users\User\Downloads\JavaProjetcs\CarCrudJPQL\db\CarCrudPrac1.odb' is opened by 27036@DESKTOP-A7ROL3O

[2025-08-04 15:06:12 #2 store] 
Configuration path: ?

[2025-08-04 15:06:37 #3 type] 
Type Car is not enhanced.

------------------------------------------------------------------------------------------------------------------------

[2025-08-04 15:09:35 #1 store] 
Database 'C:\Users\User\Downloads\JavaProjetcs\CarCrudJPQL\db\CarCrudPrac1.odb' has been recovered (tr. 3-4)

[2025-08-04 15:09:35 #2 store] 
Database 'C:\Users\User\Downloads\JavaProjetcs\CarCrudJPQL\db\CarCrudPrac1.odb' is opened by 25660@DESKTOP-A7ROL3O

[2025-08-04 15:09:35 #3 store] 
Configuration path: ?

[2025-08-04 15:09:35 #4 type] 
Type Car is not enhanced.

------------------------------------------------------------------------------------------------------------------------

[2025-08-04 15:29:44 #1 store] 
Database 'C:\Users\User\Downloads\JavaProjetcs\CarCrudJPQL\db\CarCrudPrac1.odb' has been recovered (tr. 5-5)

[2025-08-04 15:29:44 #2 store] 
Database 'C:\Users\User\Downloads\JavaProjetcs\CarCrudJPQL\db\CarCrudPrac1.odb' is opened by 6656@DESKTOP-A7ROL3O

[2025-08-04 15:29:44 #3 store] 
Configuration path: ?

[2025-08-04 15:29:44 #4 type] 
Type Car is not enhanced.

------------------------------------------------------------------------------------------------------------------------

[2025-08-04 15:30:47 #1 store] 
Database 'C:\Users\User\Downloads\JavaProjetcs\CarCrudJPQL\db\CarCrudPrac1.odb' is opened by 26440@DESKTOP-A7ROL3O

[2025-08-04 15:30:47 #2 store] 
Configuration path: ?

[2025-08-04 15:30:47 #3 type] 
Type Car is not enhanced.

------------------------------------------------------------------------------------------------------------------------

[2025-08-04 19:31:31 #1 store] 
Database 'C:\Users\User\Downloads\JavaProjetcs\CarCrudJPQL\db\CarCrudPrac1.odb' is opened by 9208@DESKTOP-A7ROL3O

[2025-08-04 19:31:31 #2 store] 
Configuration path: ?

[2025-08-04 19:31:31 #3 type] 
Type Car is not enhanced.

------------------------------------------------------------------------------------------------------------------------

[2025-08-04 19:37:19 #1 store] 
Database 'C:\Users\User\Downloads\JavaProjetcs\CarCrudJPQL\db\CarCrudPrac1.odb' is opened by 9580@DESKTOP-A7ROL3O

[2025-08-04 19:37:19 #2 store] 
Configuration path: ?

[2025-08-04 19:37:19 #3 type] 
Type Car is not enhanced.

------------------------------------------------------------------------------------------------------------------------

[2025-08-04 19:38:49 #1 store] 
Database 'C:\Users\User\Downloads\JavaProjetcs\CarCrudJPQL\db\CarCrudPrac1.odb' is opened by 22580@DESKTOP-A7ROL3O

[2025-08-04 19:38:49 #2 store] 
Configuration path: ?

[2025-08-04 19:38:49 #3 type] 
Type Car is not enhanced.

------------------------------------------------------------------------------------------------------------------------

[2025-08-04 19:42:16 #1 store] 
Database 'C:\Users\User\Downloads\JavaProjetcs\CarCrudJPQL\db\CarCrudPrac1.odb' has been recovered (tr. 6-6)

[2025-08-04 19:42:16 #2 store] 
Database 'C:\Users\User\Downloads\JavaProjetcs\CarCrudJPQL\db\CarCrudPrac1.odb' is opened by 19520@DESKTOP-A7ROL3O

[2025-08-04 19:42:16 #3 store] 
Configuration path: ?

[2025-08-04 19:42:16 #4 type] 
Type Car is not enhanced.

------------------------------------------------------------------------------------------------------------------------

[2025-08-04 19:58:34 #1 store] 
Database 'C:\Users\User\Downloads\JavaProjetcs\CarCrudJPQL\db\CarCrudPrac1.odb' is opened by 5964@DESKTOP-A7ROL3O

[2025-08-04 19:58:34 #2 store] 
Configuration path: ?

[2025-08-04 19:58:34 #3 type] 
Type Car is not enhanced.

------------------------------------------------------------------------------------------------------------------------

[2025-08-04 19:59:44 #1 store] 
Database 'C:\Users\User\Downloads\JavaProjetcs\CarCrudJPQL\db\CarCrudPrac1.odb' is opened by 3196@DESKTOP-A7ROL3O

[2025-08-04 19:59:44 #2 store] 
Configuration path: ?

[2025-08-04 19:59:44 #3 type] 
Type Car is not enhanced.

------------------------------------------------------------------------------------------------------------------------

[2025-08-04 20:01:12 #1 store] 
Database 'C:\Users\User\Downloads\JavaProjetcs\CarCrudJPQL\db\CarCrudPrac1.odb' is opened by 15072@DESKTOP-A7ROL3O

[2025-08-04 20:01:12 #2 store] 
Configuration path: ?

[2025-08-04 20:01:12 #3 type] 
Type Car is not enhanced.

------------------------------------------------------------------------------------------------------------------------

[2025-08-04 20:10:55 #1 store] 
Database 'C:\Users\User\Downloads\JavaProjetcs\CarCrudJPQL\db\CarCrudPrac1.odb' has been recovered (tr. 7-7)

[2025-08-04 20:10:55 #2 store] 
Database 'C:\Users\User\Downloads\JavaProjetcs\CarCrudJPQL\db\CarCrudPrac1.odb' is opened by 17608@DESKTOP-A7ROL3O

[2025-08-04 20:10:55 #3 store] 
Configuration path: ?

[2025-08-04 20:10:55 #4 type] 
Type Car is not enhanced.

------------------------------------------------------------------------------------------------------------------------

[2025-08-04 20:12:15 #1 store] 
Database 'C:\Users\User\Downloads\JavaProjetcs\CarCrudJPQL\db\CarCrudPrac1.odb' is opened by 10852@DESKTOP-A7ROL3O

[2025-08-04 20:12:15 #2 store] 
Configuration path: ?

[2025-08-04 20:12:15 #3 type] 
Type Car is not enhanced.

------------------------------------------------------------------------------------------------------------------------

[2025-08-04 20:13:23 #1 store] 
Database 'C:\Users\User\Downloads\JavaProjetcs\CarCrudJPQL\db\CarCrudPrac1.odb' is opened by 14352@DESKTOP-A7ROL3O

[2025-08-04 20:13:23 #2 store] 
Configuration path: ?

[2025-08-04 20:13:23 #3 type] 
Type Car is not enhanced.

------------------------------------------------------------------------------------------------------------------------

[2025-08-04 20:14:53 #1 store] 
Database 'C:\Users\User\Downloads\JavaProjetcs\CarCrudJPQL\db\CarCrudPrac1.odb' is opened by 24228@DESKTOP-A7ROL3O

[2025-08-04 20:14:53 #2 store] 
Configuration path: ?

[2025-08-04 20:14:53 #3 type] 
Type Car is not enhanced.

------------------------------------------------------------------------------------------------------------------------

[2025-08-04 20:16:21 #1 store] 
Database 'C:\Users\User\Downloads\JavaProjetcs\CarCrudJPQL\db\CarCrudPrac1.odb' is opened by 6680@DESKTOP-A7ROL3O

[2025-08-04 20:16:21 #2 store] 
Configuration path: ?

[2025-08-04 20:16:21 #3 type] 
Type Car is not enhanced.

------------------------------------------------------------------------------------------------------------------------

[2025-08-04 20:18:39 #1 store] 
Database 'C:\Users\User\Downloads\JavaProjetcs\CarCrudJPQL\db\CarCrudPrac1.odb' is opened by 28124@DESKTOP-A7ROL3O

[2025-08-04 20:18:39 #2 store] 
Configuration path: ?

[2025-08-04 20:18:40 #3 type] 
Type Car is not enhanced.

------------------------------------------------------------------------------------------------------------------------

[2025-08-04 20:19:11 #1 store] 
Database 'C:\Users\User\Downloads\JavaProjetcs\CarCrudJPQL\db\CarCrudPrac1.odb' is opened by 16728@DESKTOP-A7ROL3O

[2025-08-04 20:19:11 #2 store] 
Configuration path: ?

[2025-08-04 20:19:11 #3 type] 
Type Car is not enhanced.

------------------------------------------------------------------------------------------------------------------------

[2025-08-04 20:20:58 #1 store] 
Database 'C:\Users\User\Downloads\JavaProjetcs\CarCrudJPQL\db\CarCrudPrac1.odb' is opened by 19300@DESKTOP-A7ROL3O

[2025-08-04 20:20:58 #2 store] 
Configuration path: ?

[2025-08-04 20:20:58 #3 type] 
Type Car is not enhanced.

------------------------------------------------------------------------------------------------------------------------

[2025-08-04 20:22:39 #1 store] 
Database 'C:\Users\User\Downloads\JavaProjetcs\CarCrudJPQL\db\CarCrudPrac1.odb' is opened by 24968@DESKTOP-A7ROL3O

[2025-08-04 20:22:39 #2 store] 
Configuration path: ?

[2025-08-04 20:22:39 #3 type] 
Type Car is not enhanced.

------------------------------------------------------------------------------------------------------------------------

[2025-08-04 20:24:29 #1 store] 
Database 'C:\Users\User\Downloads\JavaProjetcs\CarCrudJPQL\db\CarCrudPrac1.odb' is opened by 27852@DESKTOP-A7ROL3O

[2025-08-04 20:24:29 #2 store] 
Configuration path: ?

[2025-08-04 20:24:29 #3 type] 
Type Car is not enhanced.

------------------------------------------------------------------------------------------------------------------------

[2025-08-04 20:28:01 #1 store] 
Database 'C:\Users\User\Downloads\JavaProjetcs\CarCrudJPQL\db\CarCrudPrac1.odb' has been recovered (tr. 8-8)

[2025-08-04 20:28:01 #2 store] 
Database 'C:\Users\User\Downloads\JavaProjetcs\CarCrudJPQL\db\CarCrudPrac1.odb' is opened by 4904@DESKTOP-A7ROL3O

[2025-08-04 20:28:01 #3 store] 
Configuration path: ?

[2025-08-04 20:28:01 #4 type] 
Type Car is not enhanced.

------------------------------------------------------------------------------------------------------------------------

[2025-08-04 20:29:41 #1 store] 
Database 'C:\Users\User\Downloads\JavaProjetcs\CarCrudJPQL\db\CarCrudPrac1.odb' is opened by 9348@DESKTOP-A7ROL3O

[2025-08-04 20:29:41 #2 store] 
Configuration path: ?

[2025-08-04 20:29:41 #3 type] 
Type Car is not enhanced.

------------------------------------------------------------------------------------------------------------------------

[2025-08-04 20:30:55 #1 store] 
Database 'C:\Users\User\Downloads\JavaProjetcs\CarCrudJPQL\db\CarCrudPrac1.odb' is opened by 7756@DESKTOP-A7ROL3O

[2025-08-04 20:30:55 #2 store] 
Configuration path: ?

[2025-08-04 20:30:55 #3 type] 
Type Car is not enhanced.

------------------------------------------------------------------------------------------------------------------------

[2025-08-04 20:31:59 #1 store] 
Database 'C:\Users\User\Downloads\JavaProjetcs\CarCrudJPQL\db\CarCrudPrac1.odb' has been recovered (tr. 9-9)

[2025-08-04 20:31:59 #2 store] 
Database 'C:\Users\User\Downloads\JavaProjetcs\CarCrudJPQL\db\CarCrudPrac1.odb' is opened by 23724@DESKTOP-A7ROL3O

[2025-08-04 20:31:59 #3 store] 
Configuration path: ?

[2025-08-04 20:31:59 #4 type] 
Type Car is not enhanced.

------------------------------------------------------------------------------------------------------------------------

[2025-08-04 20:38:58 #1 store] 
Database 'C:\Users\User\Downloads\JavaProjetcs\CarCrudJPQL\db\CarCrudPrac1.odb' is opened by 14964@DESKTOP-A7ROL3O

[2025-08-04 20:38:58 #2 store] 
Configuration path: ?

[2025-08-04 20:38:58 #3 type] 
Type Car is not enhanced.

------------------------------------------------------------------------------------------------------------------------

[2025-08-04 20:40:15 #1 store] 
Database 'C:\Users\User\Downloads\JavaProjetcs\CarCrudJPQL\db\CarCrudPrac1.odb' is opened by 3892@DESKTOP-A7ROL3O

[2025-08-04 20:40:15 #2 store] 
Configuration path: ?

[2025-08-04 20:40:15 #3 type] 
Type Car is not enhanced.

------------------------------------------------------------------------------------------------------------------------

[2025-08-04 20:41:21 #1 store] 
Database 'C:\Users\User\Downloads\JavaProjetcs\CarCrudJPQL\db\CarCrudPrac1.odb' is opened by 24636@DESKTOP-A7ROL3O

[2025-08-04 20:41:21 #2 store] 
Configuration path: ?

[2025-08-04 20:41:21 #3 type] 
Type Car is not enhanced.

------------------------------------------------------------------------------------------------------------------------

[2025-08-04 20:42:40 #1 store] 
Database 'C:\Users\User\Downloads\JavaProjetcs\CarCrudJPQL\db\CarCrudPrac1.odb' is opened by 18916@DESKTOP-A7ROL3O

[2025-08-04 20:42:40 #2 store] 
Configuration path: ?

[2025-08-04 20:42:40 #3 type] 
Type Car is not enhanced.

------------------------------------------------------------------------------------------------------------------------

[2025-08-04 21:02:44 #1 store] 
Database 'C:\Users\User\Downloads\JavaProjetcs\CarCrudJPQL\db\CarCrudPrac1.odb' is opened by 3512@DESKTOP-A7ROL3O

[2025-08-04 21:02:44 #2 store] 
Configuration path: ?

[2025-08-04 21:02:44 #3 type] 
Type Car is not enhanced.

------------------------------------------------------------------------------------------------------------------------

[2025-08-04 21:44:24 #1 store] 
Database 'C:\Users\User\Downloads\JavaProjetcs\CarCrudJPQL\db\CarCrudPrac1.odb' has been recovered (tr. 10-12)

[2025-08-04 21:44:24 #2 store] 
Database 'C:\Users\User\Downloads\JavaProjetcs\CarCrudJPQL\db\CarCrudPrac1.odb' is opened by 32652@DESKTOP-A7ROL3O

[2025-08-04 21:44:24 #3 store] 
Configuration path: ?

[2025-08-04 21:44:24 #4 type] 
Type Car is not enhanced.

------------------------------------------------------------------------------------------------------------------------

[2025-08-04 21:47:52 #1 store] 
Database 'C:\Users\User\Downloads\JavaProjetcs\CarCrudJPQL\db\CarCrudPrac1.odb' has been recovered (tr. 13-14)

[2025-08-04 21:47:52 #2 store] 
Database 'C:\Users\User\Downloads\JavaProjetcs\CarCrudJPQL\db\CarCrudPrac1.odb' is opened by 25864@DESKTOP-A7ROL3O

[2025-08-04 21:47:52 #3 store] 
Configuration path: ?

[2025-08-04 21:47:52 #4 type] 
Type Car is not enhanced.

------------------------------------------------------------------------------------------------------------------------

[2025-08-04 21:49:27 #1 store] 
Database 'C:\Users\User\Downloads\JavaProjetcs\CarCrudJPQL\db\CarCrudPrac1.odb' is opened by 26784@DESKTOP-A7ROL3O

[2025-08-04 21:49:27 #2 store] 
Configuration path: ?

[2025-08-04 21:49:27 #3 type] 
Type Car is not enhanced.

